Empty!
Empty!
948327427
45697243
1711539273
529536544
Empty!
1242533820
557920447
410464649
1574173019
1739764930
1904208376
398963817
1992809414
849065341
1449378310
539258160
1487783255
Empty!
Empty!
694162395
260183976
783907897
675966087
1051050153
826441908
2108859452
1837819703
1032614812
845622561
1936144012
615102272
1951946581
779193533
1091030934
1636096596
413823871
1278719340
2075071170
158578835
574150879
1830914367
879691298
1649335048
1808917755
1108845790
1682996669
1550333426
752465041
288754682
10716395
1050626245
1483367733
1844534894
417494900
608666094
246592614
1715433501
474855347
1592800737
2026142921
571741192
2012698377
1193935279
314944848
2030738075
1186145350
1442059163
774989904
523513557
2031469831
543859341
1061290568
1836280472
1115600533
1471460010
74391508
1238300984
1410123858
960424822
1955436364
2050509003
2017926391
1885723081
291000959
96141133
1492872625
1513590184
1593455674
1744300895
1468840887
24416444
1546383651
447333518
1746174931
1112281467
1376495692
605408423
772166838
1893265250
929516618
1378476480
318039618
1338970840
881903080
1496132806
66183602
437089386
1690422104
674543466
389827225
796215791
961999797
1225698479
1529397509
1337960989
964649980
686610147
594416387
2026754742
314603657
36053877
1803749751
1437156227
557656874
66410937
485629047
2138630586
1684803279
2121731247
958041501
1145185958
564380235
112491139
334606409
978367174
1399827754
3505535
631212058
916207024
47802783
1044778112
750088216
1471405096
990214880
1570392109
474020574
1630921493
67406750
1823253222
594398681
822483528
107231758
101426340
1561068326
965358561
1968319282
1983447489
142177828
722334078
789740828
376202968
1979717689
1880527658
1705669698
230991313
1712771329
925210923
1256260007
1365468543
1710085558
1424275545
2019678122
872649739
1248852708
1726482017
1335430361
1074261042
1389779259
1634556599
1723536344
1766858077
1585418000
1147336678
1587648154
1389878210
726957515
1958598190
1112908048
1828523798
479004044
669187013
1799455273
1184380183
1480205603
448030707
181121209
1423157290
1175181201
1197944437
507461325
1910777556
1562749182
1906139819
1620369373
865642868
10060701
1430761392
1282726070
1689676021
1057462440
544072220
986447902
1876251331
1636337591
1728469833
869490137
1484224617
Empty!
Empty!
393434025
2121886428
1107271551
242513973
1675949602
1608784056
Empty!
Empty!
Empty!
281619168
1103559562
1448979544
498817778
546144375
255565442
1468070113
281541963
127833747
650629534
2107601834
1753000454
754438697
1405068231
104334584
1898491991
1332087695
1498264069
1023227772
1887895775
1328213398
20000023
2091773819
864521503
179488507
1682391592
896731686
992667537
666959799
42600745
164035656
732413126
1725080663
1366783978
1379960430
24357894
1343525804
1938817957
1400354336
1156638413
560209945
650725251
1352221044
548263200
753490745
321299571
1304322093
112633881
1957027187
701321885
1241996031
2090014610
233900338
1123428252
1129789686
848018579
1398843285
1790087567
121434911
124260510
1506114682
1040307107
703935526
134672112
1838475974
1631259693
116509766
479900385
2090560518
1837714351
156623994
268957593
1205547242
724367881
2080294235
164249320
931467995
1972386464
1449191552
1124891415
1182000208
1988059726
1201491174
1491414865
1358115168
2096881438
413925744
236799427
1187288114
508952793
1275165045
815122118
1655931134
322224088
709938661
774213922
1188139666
1731965136
1752045660
747053301
1789718830
1698361456
1916747604
684957982
1309689582
1837317785
1539595943
1551819110
1296938735
1986604411
122504305
977141805
1302268634
653602002
1884977882
28536165
867994637
28687065
699986556
1353236298
1571652767
510229819
1880194976
272798525
704728025
1862848446
1572722662
926400528
1341108615
1550775950
424290067
1436912397
1863128824
1266421127
393842606
1723259609
527629897
794504643
1974406121
2146294746
442849518
934428751
1639561518
1942429897
2013101591
1583673820
1210396127
1355206695
810079653
1064838888
94590
1063649987
1500988425
1083933569
1817556561
886488974
516598086
1883205181
1139398473
1075131201
1085151723
1188721950
1220912931
1381333209
53684921
2117856251
141149694
1301146543
72679694
831382511
1556675416
972532205
905750311
2126663243
510395915
1960608253
19411780
1607032165
493810384
920097779
1509183000
182479965
83862594
413668650
1345709279
1539286805
259829684
1765252343
143764022
557432673
760797313
856758624
2082596613
420508379
867213459
286661184
1377674957
1160511137
1555273584
18229007
948375121
1228900313
1160932985
1443715678
1055371231
463161167
1300045855
1054694232
384545539
1528358901
1733306446
983362159
1701200642
1662319104
829010187
1772431823
884590531
695755521
1912623578
1654516261
1498446376
1197823026
1033367854
68143569
481390174
252119713
1031691289
347107535
1812510977
73791377
820009265
1724236461
1834417451
745057844
1531465896
512687237
1895430632
1170608920
1590955185
1976333327
1656726398
998595093
1231269074
820328953
2050219857
1533727538
456743167
893688955
975272162
1536198884
1151913015
1629169476
273283631
823244184
669693773
1590626594
672971342
280126095
292302794
372743161
1253401440
2015413426
268434691
1784441496
422267199
1953151736
1590109584
1967499470
100141917
1879654485
1792247606
313297317
898165398
881934880
1649441722
1360897509
571101382
1180913331
84825454
358599381
1151516525
678607378
2112603484
1035265078
751677569
922326092
1304269679
279660824
1040177440
1629972114
178390100
1521438979
2051913527
1583993682
1926597646
466730161
930038953
1124291695
1127043143
741188907
1178859297
175457935
279241465
1257142398
489484130
1922556780
1803102315
1174462396
1755875987
2037313802
1764493511
449761635
1318171067
1267232066
2042367394
226990878
35727168
223371540
1651125364
517011740
149432501
764199121
1075341679
858049118
1180624946
156693537
1668398127
1117940831
2142983570
1052925026
1439511497
1775698347
458298015
508883033
1561808059
1878365682
270811197
642504239
407276574
1641614310
1849797895
244668708
1264122307
1265815538
1540247042
612373861
1457320012
1491392136
164968046
777341907
85448134
911181382
1751931707
1468053921
1331125768
811962410
911779360
1815039249
686711121
1950535350
1455155375
1302435817
1598421968
1789985083
522630702
1977487714
1779710071
1309003700
1935749258
1925919949
6176877
289959532
1370326042
1256072545
975907762
5231452
376070822
1688079776
1413574052
79934413
1022773204
497782111
1221865896
571018815
724083785
1002552465
1580872596
456162152
295772986
2115678240
1448392472
831060061
1824463294
119963598
1080872118
1583517034
669285384
1867318865
1431979198
1524419312
1860955005
1294343953
2115749887
2116341459
1555077244
1970698481
400318880
429301324
2029985468
1151776130
1120392490
302877064
1352253859
615099356
1510204597
583957167
2007960594
2017758900
256691058
1750506105
363171888
1250737605
564420189
274329745
357970746
1816781650
1075192136
1534782258
1725325855
776998057
1465889285
126823179
525768479
1792099687
1461397689
776948639
1266224769
193933257
1958419548
1760558179
762787002
592163072
1298150682
236779111
1526706017
1875944893
1167974497
1753440378
296940287
738248080
982351827
1507768332
1476732775
67497207
1706833204
1058461485
363906814
262266094
417245248
385410401
1749377706
678826148
850017022
1166496325
1726932910
2062936287
1000129231
1958180033
1416412267
2041015558
1967612941
2002396650
885290286
585873261
1204509856
539546916
1673520756
1870275824
281625547
513909468
101754840
455153634
1179181979
801790910
1763807734
1289597257
1394729368
927918526
884159045
13938154
1652258333
1215032430
672929063
1133541791
710154580
1552725883
68647032
1299275590
999886025
1882152444
867321787
632864211
2061460317
1182999992
1708435067
300210030
2047644183
278079597
1235179270
1708340911
2036297653
1997783335
1587589216
550655886
1706982010
1440463939
1340624474
1004716361
1244705592
591258407
1177083907
1105044333
121375788
1033150703
854108580
2008525254
865757967
445457375
1069315058
2109610496
447595030
1465980406
2135154863
879202821
1105837165
1318976646
806232787
1442157472
1959945745
1004512868
2111461937
1339713861
754720681
779993443
1740263316
399012455
1425142775
1343680591
2082447651
1354892840
566643748
681112891
64847737
34177733
278228974
2089127143
1007381702
144066754
710710502
469584464
1297535834
2080919266
827951370
237897951
1990295713
1296562982
1325825084
164831730
1537009592
1134338377
1361338477
769639973
62658365
335878773
180738353
1804249681
881561817
119414200
2066202956
1630677247
1900234537
1069063643
1194085952
545692891
1347002522
996134005
413227264
699104881
395322558
178111568
2135317116
1910239479
1293016742
829507514
1332360731
622623160
892233669
946034504
1752956163
106422504
525006214
548306953
1087878016
1899340917
462465261
298932318
898489257
1124146072
555615875
1262214911
710607992
1505937406
927854291
1955528518
2097583962
2016410132
929276607
23300739
582735829
1600512065
1381180838
1463824346
1688780142
1362712053
947148622
231096713
1324189803
1487842512
323233355
1306559262
2140959428
1180282256
737880528
1429332022
980904112
1925044530
2066019619
1516182220
877580286
421523177
1489915464
209050400
1241827160
155250022
1355935534
1708512653
1907815399
216419150
1186483256
1834309845
2003361822
262838600
729279823
644861597
1159871001
919685535
109399236
345956540
1780334856
694963950
856785546
872776837
1325071800
1449144519
505945486
837217958
842867207
331272472
1897577760
915012560
455222665
802638587
247845219
1977554449
1260969100
671500182
585555510
930762514
1131726441
1918211196
747386310
990807114
2117066443
1603978735
455469314
1452265895
1104719391
276277825
1557093187
1559942056
1380013531
1825076484
1044263518
763565979
1683974420
269557290
1063574292
2117545639
2135379366
1944158978
462648167
1807459528
586029117
425381329
1044467303
127548913
1135024483
187466588
43531671
1890264757
473161641
260535252
1701032898
2106983736
118733229
32923520
268535186
207105161
59222698
2109668379
963707960
1675668173
1865777129
650574648
564208861
1492886852
1144131282
502531682
1221327293
535455202
499130243
103696255
1225199880
2050321779
921728684
1998619931
1958517720
413284002
1686805384
968050513
1950039838
933966880
179724179
Empty!
2105532547
936911584
264676806
302780311
Empty!
1619817495
1165439175
819161977
94209214
555831667
1656956629
132777845
666376960
544929059
475284289
292826365
134154597
691341989
200814970
1042909707
2197603
1396591431
1106771544
1820778662
611402116
837048373
1086686406
938763722
213275262
231751400
169514246
1663546266
559615348
533599115
1541028573
441323854
248330056
1171985223
2042152508
1512327199
439579925
1545870428
1728796194
1278463952
753197739
163171445
1632342505
1004413603
490119866
1458972752
404961255
52991558
1220296737
2114844358
746714286
1828933216
1463224606
402800383
632687718
314137286
473411596
51059413
946140534
889002489
798623174
516715096
1167305179
1584309960
809391177
281535107
1029890204
1029733867
1503301801
519269214
1484297056
1713649002
2113203849
301056216
1424438028
161342819
486278555
856404225
1737647318
1730737361
1086555514
1131521261
1975740435
1827551052
49359717
163584625
1071811813
1334653389
882123875
644237543
1312553843
2126343793
623097688
1722824079
1008508667
62939152
29844386
155338324
1392719905
1620687997
993508694
63773811
707041876
558689798
2051835845
349936928
375769847
590265809
1466346927
1321250782
164596019
1203827045
692581912
105084043
740592339
563857332
468209529
231905370
835964776
1426230585
929996966
1319103452
1037683542
204820907
875244242
768377708
212488825
169108364
1728603140
12296223
1208598405
170408347
335548967
609939296
1266149518
2036175630
1684807123
30258487
430510654
765834842
1047564031
903977967
1983434217
1670695413
2018927091
1035122091
200619762
445427985
778131065
1639109059
887520509
1079580402
1426698214
1586820622
2088274645
503185956
374629399
2143368790
1531772324
764536456
836149424
1871121651
1574193239
29791298
1427110736
926020894
649658897
818724886
371661565
1964807549
1740076924
2001744024
1874493066
1331090929
1038153453
1546785196
867950822
327344058
1547436654
302256340
119580241
1007494072
676083250
1401062681
1321910842
1233521762
342424410
638377010
1957271238
1096116807
84760486
1180098377
2024853094
999944866
1939604233
196782965
116623985
133730628
1210001312
1020952957
1186408214
564180555
457322492
298277523
334691939
1429253685
1130640957
213863912
1585968454
1452078230
1281333725
864009837
172307596
770440248
1705815100
688484537
69604246
818012606
820319080
1353435121
1218062874
6975849
1569286810
1107318496
1656016876
290136947
390758619
1724740803
739907970
677738413
1380577863
387786147
415962508
936629057
236097460
2113678161
486028037
1775752605
2133653519
31459997
2073418163
1905442009
783456367
1604990647
2131330430
812727295
1928273380
1746080663
1153118261
1083764255
1380523206
463412417
449560904
1147661600
1340797882
1867754916
1256203860
890557156
1210733096
1511040984
2112983157
447321591
1291875656
1202479166
99202031
1995499575
1389103303
821149314
24606419
1500979435
193136282
724130059
296758951
676237325
1317246057
1774966677
532426722
28801529
375672704
1496956564
1812814849
1240426782
1189508512
510378064
971550629
600796392
1127948254
823760094
1048525962
704810520
1895238877
2004966813
1457247438
405742071
214354524
1465668296
1212454048
597294889
881875891
1542140082
7451381
1079876484
1767992971
63726400
1167556365
1175007746
649409837
765072646
539340900
468673855
1721417414
308326890
1331989015
1984917624
1146558405
1911631051
894298326
2097251252
1433639226
1652879831
401275494
1087657474
1074851133
1303408623
537373987
246403015
1625031461
289825198
2096821324
366632555
1333144724
554602669
386376226
689101060
1331055132
267520620
1161180171
1817742824
224861845
1257731199
862241792
333606456
386404146
1189106633
1900764394
1086005631
1058258938
1258794181
260424911
599938118
1770266436
2098227770
935679941
1772385712
483831456
760418661
508731318
1352595707
706432014
819297488
815219826
1639611900
984108892
68708237
1278517593
650938050
959038448
1855849281
56012848
614665299
871232675
1253466975
1305969471
1752427329
763133391
603824058
1327615769
864146077
1186833911
138248804
1201951885
122800565
1645545944
294779828
472047823
298432002
1320656021
2093937671
427353726
1474358187
1703808452
1882919687
1853009015
1351071311
833512023
160554785
519935644
37795113
677250637
1739563292
361038795
1080635876
1522593383
1644863068
174630058
1817181673
2042529027
526510948
381279119
1695965004
479172659
1452001377
95362447
1143300856
1617955830
1000126232
2025583172
1415000859
2147413747
425824854
1245822104
385153605
1456994621
555333078
131618491
447444947
1473682025
561783151
1980915947
1569395586
903902072
1632737379
544838440
959828796
297364011
798088190
1638957437
734653697
1669107678
441682597
1239840688
2037928878
392394911
1688088588
279351659
103835661
1484375122
1179973265
1269721482
689627163
1962516637
133343741
1793118665
726624623
2019981221
480899703
1543123826
337191681
664225598
385480515
1054208188
926877568
1694722835
63218898
303846199
223806551
369509779
247602563
114942215
948737535
136915913
1803578334
1312092867
1559695431
1446525127
1151949500
639013934
779669078
3580084
390742301
453544237
1655547127
1950437732
1298927756
1416905386
137846765
2028920157
925915275
629863636
1480631207
1089233532
1388384080
45876167
566137816
1253916762
1038987300
1707461000
2040533062
58554550
420151969
871468018
1357416031
1245124952
1636595281
736620721
1492390710
1809665050
1457516663
142564503
853727869
345805207
1583326285
960106845
1198017326
1891072711
830691535
1323736732
1068890708
2029569162
735813383
349020316
231716702
1908379346
1335662026
188445855
471856040
1628234643
294176193
165049165
1669873367
1061661012
1148552700
1312984894
772453534
2109452089
1354323582
753879853
63017912
967417834
1673163743
951645207
1469433480
978952665
1445293793
1906234458
992594810
1265896675
661206647
24585354
976230561
1433996882
1298928983
956523081
1355598008
590273618
1240565740
62913116
943327891
2113546768
240627301
953435613
1888555059
1585558453
2129156643
