Empty!
Empty!
2106543653
Empty!
Empty!
342032825
1419304551
1673385277
248902719
532893397
2137584917
Empty!
Empty!
Empty!
Empty!
172488498
1479052843
Empty!
931843749
Empty!
Empty!
Empty!
297309918
546212637
1909615294
445852022
1949465877
806365158
260592274
2002943750
1676248811
1079106034
171006690
251383834
2016192813
1711778776
847873599
620975859
476435962
1019044242
370660287
575552965
747176555
462556814
1861676002
150200268
793793304
1173430670
892864863
294885785
118675835
1554269733
1892724613
504717679
1982190549
1135676871
1184465967
1009497492
2016826547
5634324
1003607301
872950200
1180882115
1478590894
408240392
1828494306
1861979045
368177308
442088489
1166523505
172820508
1095610714
344934926
1282175561
1095561581
1956455307
1128630937
487310754
1579252493
53042137
855488062
2060927750
1837298210
1523804839
1054960246
178280476
1407457937
1926493795
257238590
1104233981
11710579
1242537213
310280727
266320901
1277794885
260352736
1483159907
1471054238
53930016
86114536
1111033391
1122743970
417170930
942167284
1126408921
873064512
991936470
1465551709
236410795
1783455574
1358762226
1174446564
497162157
1163986516
932636328
1858376659
272620732
1804450748
852860522
2034498496
929574996
791603695
1131389354
1336219400
1845275049
156220670
1499073591
654817476
1398342711
587078464
1911390298
717853015
2040917111
66070664
533784049
1972364451
309434067
219220559
190976403
1063013134
442233182
1259393963
411893643
608720189
1830035100
494094182
973922831
691897288
1503260244
410685266
414322794
487461672
1795481156
67927308
1923336908
795258716
689444106
649387028
321275068
751104273
517925666
1248188272
1927673847
391699762
1904351404
1043387710
1938159213
874613629
2036245416
225543248
267232039
976647521
1914305040
249819387
887588352
1493639850
1147391996
1169577805
250953116
528864009
1078144318
483297350
1787528817
754407257
111653866
1830873979
235992694
1019405456
1049349834
1517041514
1178540818
840737216
1369601225
2124008482
1455170126
2039430088
164178764
96438751
253347760
1373229412
404286583
604921558
628253686
1445658774
737406203
638376366
1126639386
204397150
800937727
1248149569
1225778034
1784598356
842637432
1308019484
881873879
1277120122
1932816574
1411606429
1160165702
78772595
1246962977
498311274
1744808258
832581588
736563309
2088025554
1962400999
2041173594
926793793
1999633577
1793492394
686090
469696296
1844856408
861801678
10392057
215412271
1663129317
1603671223
1608100175
1022739060
76296463
1418588574
1637686098
979358723
534531017
1753260248
1944309384
1770309423
848244649
951975580
448375829
1471114890
17741323
1426737153
1965585945
496510305
459989062
2093328900
709791704
1689150427
208445626
1056690275
1149467467
245591474
865835808
191436726
442895210
1915896293
1977926053
524865095
144630159
1875659290
1441196483
175680482
1042964661
1479992861
233737644
1125928049
1510204970
676632855
1149747218
587281548
1342390479
744627973
1793742310
1473001082
761260411
1206748111
1312829069
1130831553
437562147
1181637974
846342615
209751527
1988367243
1335679576
1236400535
1812511692
765302973
Empty!
811397018
971484696
590338978
1456398611
1336311650
1721444601
309104215
1280588911
731850997
1817132119
647043078
1386472645
1721541511
742590936
1193086555
497285720
1299462450
Empty!
Empty!
597456468
701857119
489564037
1857400666
168609035
1527049137
1092626944
722085197
1848958808
1801055383
1783649321
Empty!
Empty!
Empty!
Empty!
303240516
13157535
374027242
1644860269
1179759611
1720939217
Empty!
Empty!
Empty!
Empty!
1122606761
109476634
1491876687
Empty!
Empty!
Empty!
1692377031
689383551
1424074317
Empty!
Empty!
1386769094
Empty!
Empty!
1070834802
1883744667
45957916
1681570314
878338573
995915562
330610143
1287656978
Empty!
203051927
Empty!
Empty!
Empty!
Empty!
1462995498
2049759143
382328958
346202779
Empty!
Empty!
1399854539
92349561
1362776376
885255727
1947199664
1849475159
610230536
1042890784
167887624
467327943
331749826
1536992623
1011412312
1621642848
1555941562
405278081
140604851
1084872364
106367023
13117410
1149407476
1503342985
1247618326
1757241585
694630302
757570951
800997325
803005648
711237034
547310082
1373580321
90985116
657745376
820004091
1353702639
607780571
2138333690
1958855360
1782249139
533698548
60470488
1339621688
1343598579
661995971
1605159446
2127869973
1612144600
734970283
256335774
685077795
2074591971
641366098
1228329602
1749507194
82945610
1426544189
2100194518
1357341342
602577231
190631309
1073626374
668631671
882607265
1398137575
1613620413
1203945451
1119028514
1721605746
1631136708
557279434
1183456006
886853632
413803146
690487948
1802795970
1696566023
1203324211
1268017692
1100051354
669140046
1038790180
428742021
1330471730
1271048297
1458275900
386890697
629700273
1790596519
1502606091
440121237
1708138929
1268615667
1588705770
591921308
2131788495
1589220127
889790746
2029341364
1992791717
1977096564
950912842
1195777417
1083754863
1460621071
1335550622
911197370
1408293125
752063833
1815328540
1665654674
1789118226
2052688166
1339782271
289538356
276053486
1620883452
150227720
193800312
46118341
1394671386
195166757
697942309
198792187
1599794607
307289145
856973735
1504530853
758150481
1716056454
343556887
1709146755
795266684
615116148
208024743
636080590
804542158
725471062
1269365359
895452338
1677213763
602276959
176768903
1635290098
283318495
1714025372
1904313512
543894297
2026286541
1771628251
200179905
286365799
1623780829
1790382960
199328800
196346061
2035461094
1779757121
96918562
69411053
238138347
286597403
1639062538
1866336841
1697049492
502639842
2136115041
252147594
909558386
251246086
1848519250
1513654511
1123489864
2033873214
1178897640
1717642637
1691436632
751131366
628411579
1025703767
538744997
1231813440
552676613
1337971552
1227733257
2145224530
1370959914
1608316885
1347292837
1599141359
1085883898
1982458479
1723803301
2078611374
1385689863
1846414458
1335445471
1750909685
107506153
1693054439
1906255857
520497086
2129336339
1824417462
859884616
991365111
1945768514
1285250700
1299532865
754066130
1532318359
1271625123
2054234034
1747315466
158128396
1057973619
784815163
883435424
180190031
1413008245
1205242797
1009071151
316997951
1100879152
2133893307
1845191971
1441057163
1971900909
1371409548
977271713
2041314302
1417069701
1739022626
95056906
849944329
78388679
649313732
791743262
719244250
698546382
223052620
365364750
1186719983
1080550638
672089616
141375036
428351107
1416399743
1975374641
1891936078
237087813
1153808345
764366554
794466499
391872347
534844945
Empty!
Empty!
2024631084
372586490
549237052
1252756494
391636308
1400938113
665834392
850030686
2097512364
1000609446
209600683
1157736452
1253844701
1491327986
9678730
1469228979
322354777
268927536
2108428776
1627944785
794400305
1322530013
1943098131
544237998
481652206
652254867
58211419
1165582250
1632758236
359988789
837198348
1186987279
1940326187
2021887547
452154180
2125749658
559887081
998501128
907511129
60206929
1977686552
945767706
510365599
1315593428
2135362545
1856186640
654470698
1854899818
1523973517
1941721039
1376687785
503803825
1972914103
1854855801
1559219630
1641119242
1969187182
1364214378
107564160
1108168928
1650616165
497168090
58172952
750256249
2105361563
1796039897
325773433
2145175105
407659009
1349386447
229362543
383658713
314449007
499270705
869465198
1195238631
589636502
1854613157
1278473645
1541881519
161365060
1483227397
1209189448
1437246284
693465560
907499447
1820904998
659030248
822181691
506976757
1166007005
294306655
584079577
1281045565
1268915922
1944212451
2128392253
1169617046
86378366
1901119100
415448609
409558748
2023072824
278067015
1438466504
116770379
1212331110
2011021641
723057472
878619953
1169657739
421004095
497715629
178808833
1914307204
862186436
1164755950
1160399489
1894313844
383413703
1514680052
1790591874
43389490
1190706497
957071113
848565270
1640740863
398340251
345741569
2104390297
51246314
1179626025
986737567
1216747943
1284635909
1526464787
2116356926
304795316
462984161
1425055124
2133956283
209027547
30770009
400259326
1388653572
623698425
149965242
150197241
782231144
884989429
430020705
1552902812
1094016976
814414526
719399410
690835677
1317735741
156484103
369489316
962070962
2032311729
783344875
1668334304
614867632
752056961
588505461
950054532
1164219423
1969095364
1060493366
2048245006
1775553778
1699668013
2119626001
652441618
139849373
1801299728
712056374
785543742
1028481504
932987398
1806131626
276319901
1337894414
254468767
539511146
530788669
2108819210
870366771
835361666
1154833538
1510658830
2137057469
1937833321
242937762
220931024
798279352
1471358247
2029004270
1523658815
2039367447
1302188496
807317842
289457577
1592428888
725560129
1642246812
1553558262
1071834821
1876588825
1638806262
878603015
1035953329
148436251
194920605
31754632
775446641
1851310517
1060146708
1938749723
1330325286
1228006844
2080609398
276482606
2097781406
1580861874
767769212
424190524
1206342516
568986198
1221030268
1233299415
739270196
979385599
299899043
1223692248
282551116
1146275536
1446174579
1993078879
104876211
1626846347
1849174062
900457344
2090828247
2046732880
1338990293
1219900533
422611886
701146693
2026294791
1991522732
255283465
465377445
1373548366
2122993325
1325148098
643178141
689202265
928090318
1555046359
1380849939
1571258292
1716416425
270079470
387306977
56390359
621772998
1929363715
2006052891
1706042453
414937454
1753331886
1582896484
283332868
1884078939
866127371
1242422879
1217395869
872282710
1046527281
652375519
18840478
1140290985
1417735803
2128403096
402805204
482721711
820628582
1217111566
378006698
66134427
335258583
721849677
1515044273
791125981
2029065672
754407653
1468166942
1803425525
1971519219
1963520680
209918903
616124080
1080115015
1537345113
2123600007
1178165082
2124536902
1928779661
768179235
965508861
1992237809
611758040
1515796689
983377557
795461376
1069951256
645712515
1496356142
977845060
1942709364
1194706225
1840418741
1168017350
1939749505
1475047741
1522862610
1011302353
313759456
1237446952
1079999226
540341013
1708358363
403105082
892542032
706599126
2132451699
668350247
2057620117
759291481
47814868
438839419
2085386696
1197109980
1222830524
1045327405
960681999
209639789
1413048566
1680548962
1470358268
1748598054
958327454
48802994
507370060
1422019383
805760760
2077934376
745132155
1050600562
1918884487
1834472022
1899934022
1769715362
466169744
1746501463
1553478859
364201996
1961561965
1291882775
102695467
613771686
1421537847
836727544
1469613138
246074406
544678806
462313389
20188991
298930394
1346993675
2107779548
1040828676
1585507482
177002951
13947011
1355555652
1541261137
856067313
1160585036
1769103238
1727527370
887333297
438006036
1818638139
1339627759
1270556304
713192478
106969967
442092426
1482761377
1447559255
575230750
19766897
2070296734
1997367357
467952600
1478908678
778984285
996747842
277703543
1575863282
782902995
1903948756
1954824976
105485766
92720886
1317281523
1906120758
648706554
1066330908
1705359250
1707074931
625922192
654803513
533568543
111043838
745123707
277166214
543359383
1100973563
923944916
31244370
1855525472
223173144
334216982
1576630065
1563729825
2097298368
1826123280
1632507006
524084661
664714427
1856644859
1272891036
1855680150
1452025622
1534165104
1727279010
1575060236
1435736562
1000332896
2074196652
1133529927
810693582
1032775401
1839008678
691857927
2126504582
230023849
1796010689
650257471
1461047135
1776451464
763104490
2099387341
512027156
1909206553
756850262
1407107733
604706605
631454492
247016892
1217053574
1753120342
2061968617
448789249
1691693095
1084362875
1332037311
1331379767
240616092
1757829277
894314828
903600268
1826246321
2032225841
2116380384
1984320567
2033833153
1632784046
1901201054
184312085
21976400
1450741995
2122840817
1432375133
570503952
1878498087
1164971470
338880209
20652686
1804481884
1558199290
1969978680
6807118
248795923
1908753237
1140834225
2119043356
469847021
118583386
1485980535
140897525
532409783
1478399812
2005743905
490849432
1190804282
1692462754
1623997891
1069539470
158328946
1409470296
1921221263
2140193977
1278962016
556828404
1510356962
36381701
265090195
1396719561
2141889729
1778128121
1098835725
1877370074
630454906
677614788
1761558596
1570078181
1279963443
26314543
700283188
1763375493
597755468
468896353
1567732078
167051579
1438639910
1896506051
711596566
1324848695
2002463483
2063071182
427601034
1425746195
219255921
1203802767
1277682914
381167814
1020125289
91708015
1287367154
221649172
180666190
1106327221
1743102746
1198035237
1210345714
1714356176
350294029
608267224
1190947886
671950396
264420933
1757127937
1324000465
2108954887
851367150
1816580530
1995769800
1598028057
1733653041
1862271229
1998073974
308647992
1317005675
425194172
425270079
888298918
1243024980
532770595
698698993
1008384855
1094787048
861204216
1030650968
1422699212
1445244903
186060174
1155084356
1947525865
1805750114
2096419511
1264551555
682284785
219193759
2047735224
259544755
530582304
551517628
87911539
160034790
1312501018
551649814
251070471
1588099548
1984167733
1909950921
1997862461
972160801
1959779241
1742692161
1182103777
725387698
172320452
1773697263
1183728611
1757548476
105179038
1666882316
1781720211
153457563
1980947976
648571773
2039410042
383485863
1866232932
329579261
1325868856
206436480
1174212051
1344003431
1807273169
311402531
113688035
680773523
1264649109
1902986212
1116964587
658875601
564543016
1412051141
1528512838
877447791
1467367069
591747759
2118297581
873562642
748445891
693028855
1653783839
1479083484
1186467850
1069354547
989681817
940170011
844478603
1553772979
861600896
1378034906
89343584
837789476
1718652885
363270132
547186570
1021668956
742203251
1105473383
430519011
429607734
2127476502
11485816
1525481439
185970563
977705581
1555636150
271696839
2048639429
90372791
1538258583
1568499248
707728485
879311327
287859132
265089294
1133832999
567950845
1045891972
1769526539
189217009
180285646
1246628412
1052522952
1154646928
678044877
99060477
434762701
807972772
2091667726
1390671723
335451202
736098522
2078990327
294403807
1069784541
703278743
854099502
1165114462
1051131680
594544121
945604374
1900056349
665100578
912715876
2066615194
1894921033
2146107716
1134606605
196464370
364506825
1850948556
1924745138
773291470
590077688
748489025
1409762176
1140643150
290295716
766831427
1178807761
455658698
1455777384
504876792
174062196
458958326
1394693568
440590090
967017751
1062822296
1167559546
1940234386
188967713
1711830052
689818187
1284302192
2113794400
1116429655
910110311
731484986
861948787
2145474584
1940662975
1140288938
1179250362
960993000
2064503106
885022916
769521856
778968245
361417429
1060971858
1891461881
371832841
1988275611
1970691895
65410760
1132682857
627854608
825502589
1462840892
743463894
1969317249
1367163241
1513923709
1526684562
1382269440
462518890
1624125253
1629988124
1966013532
1853506175
1182406606
1199863880
1249224955
2035223422
350258664
1203887650
531349270
1022023087
419543474
1962393810
1275000664
838586415
1480527673
939490524
1549233593
1954433758
828973197
68422038
1787232032
180406927
1963382199
1834929302
830435118
190495244
1594972607
2019030751
227836400
1040213825
538365650
491725685
456489144
330624557
762156119
1720086385
1633758971
1673904509
332011939
913892834
1147610972
236230402
1743131851
2121883011
1560474710
326883896
1135459038
816502842
1644370264
1965169464
908417663
1807604113
583939537
1719398575
750778576
2085105308
836307454
277501195
789257332
1103125623
1822132972
845736615
622303580
1196952286
767078969
364821095
1336158189
916614485
242190186
1222475188
1613785205
1527683153
271943827
50688202
553152153
577787168
862109677
177528099
1111570254
577610997
934042155
611838922
1962346924
360678958
2012224571
194334727
1619706382
708317901
1746533094
640209297
897172922
91530987
35179088
1368758040
1626978327
1798647522
28374591
1810746228
1969269477
749729609
2078608249
1436847729
14375252
2054751805
2054358723
1475458285
529806109
1238376328
2088303627
1418932910
1557334229
664799603
1596663331
2101647332
313555180
1340658190
1870464300
1917465234
1073741586
138401319
2030556374
598971597
651016949
1712763020
1781724842
788296480
558278066
1327080269
1230904525
2080394471
1984801032
1419948669
1038021040
691742219
784908697
1984603908
739705467
1593298796
817737397
1603348390
1416809915
1804435753
1394221676
1155448800
1220339191
726913147
188765474
1865236001
1953564785
578398575
1106985096
146760467
2043733408
478499490
983847988
1780509894
28536945
902579347
1499593691
290380403
1305674828
2043469090
1598942743
2011512359
1435719739
631857798
75559272
66780326
944448850
1168961781
725118648
1932917730
1221153821
1150702310
903464601
2374635
1211862344
982145537
2075953658
247373153
1829472416
1086465650
1088840286
1888621442
851945812
593083606
1278670250
914204368
113332140
575102756
676612202
1804305259
1787262167
247237978
971949003
510036957
1961763288
1391496674
408574428
2145325835
158585715
1071284
1989555294
351757640
1754169184
1170636782
911320453
1841741927
997246929
1183000620
564293891
1858295885
1180842808
1001846259
608531796
2025076203
1786199897
1706791728
1853760774
1035086447
913602564
2060627049
228879503
1309831019
396955412
1596074705
1069361225
1101579950
1189759296
1255497149
1097944882
934061004
743368837
1007174753
2105119635
703254016
955430611
885962946
2043834266
1987542896
1796677780
330017657
1485115261
147992489
253201623
2075895672
927129764
699346322
1029363980
807972694
47692189
2091526455
1793516354
725904052
1822694049
1689907735
1820508983
1570982564
1399325479
1588455055
1310990337
832171725
670640202
316672908
992578359
1379326511
1220095948
1086252978
1896702987
817392876
61968636
1441295147
999659587
1148544818
321264326
1051730252
450665233
267882238
983301106
2003561402
1964700652
1943759737
900840927
296558893
845095876
1423996102
907064512
2139225490
1200535598
1720186241
1545379357
277119308
1712324327
1140068912
781207251
1077192915
416581366
1041085985
26341321
437639555
1793133008
175095140
53685296
1625640736
834892548
887893122
1852975918
284208211
686223891
1066207971
2028009473
1835587559
1197167147
1481375358
452214448
1989812696
1467969784
829196927
689184297
1080192784
53323781
190856800
2096647320
1293941427
1494159109
2095101521
1921381453
1428993231
49304712
150376214
1694819531
33818949
173007228
1397343536
1501675823
1842370754
143294992
588565249
1281303655
1244550440
494410329
1671438922
790785263
148648895
1175737543
675240673
763300414
1409053295
2111574601
1965396785
155898239
1375950921
1335815755
1557702190
1738112262
87578511
747999347
4418113
1700321229
1122622440
655631010
1588179849
1635720677
1632589579
2031581931
634352502
2044604069
993171190
2103878291
1750763391
1457913004
469545510
2057725360
1312939135
1165564671
564999208
443692712
31614135
590050201
440208851
963286997
253888060
1098026342
538895527
31281973
978079106
976551119
1230439180
906655821
1671444452
1851834662
47139636
1144567356
1525396999
1372289973
131462147
1175849329
1829437989
1239091355
507706617
1843659400
1747987980
1237892049
1745598667
471519407
946797133
478479477
1009491030
1850769450
369708844
228729474
1689956095
631545749
2113544014
669636513
926578357
253895365
1735405071
2109220153
1055201460
536183122
1210520568
806134310
712693532
486092511
1969350173
669566519
1475404819
863970005
684328339
987179627
1619126577
12873183
1822995047
1492081954
1545762370
508882759
2113980913
994975270
1002410735
552373654
65504572
1557586526
1416343660
1547778152
1954746911
138280624
1743868081
2082601511
539217847
9528864
1567115390
47448154
677869908
1207401348
1119403157
608434712
1965734214
1909758506
1919287370
1547425877
1470617437
1338919112
1787344198
1781223375
888578038
1203334049
543552575
1254838310
350805556
1297743823
182088333
1112391945
926666420
2124796453
2136509920
645297189
1524738683
591987368
1004512212
913920713
1101087183
1404512269
987315197
1768885449
238518732
1763257415
1879323593
149450762
1864938070
1393850340
1469099310
1140580183
1494049586
2099077113
257041298
1862763537
1946832753
797339035
1368870840
2136364891
1530665831
1961747786
84069216
277838270
1770123789
1116689727
617487650
401287538
1691226411
961678937
494790717
1161753505
881397433
602317450
1371700174
1753733736
844108058
44567898
1000118686
2079012221
730293929
2050464160
1304277592
1125811367
666270858
895395807
66107274
472391518
2132567640
1882100782
982282504
1145620804
812219859
55298714
1581477822
1072780112
915834990
950452101
881367083
655045776
1696863649
1018891013
1595352614
657803027
675523791
2018142880
1990042118
898033127
245743719
823645401
28266296
220328530
578763070
899458456
1199665168
1956266765
1826925997
721642275
1426149715
1791279160
1743126249
1981968048
805285545
429728947
495819746
1131055487
1322794498
1509315613
23820701
340783156
1182876448
634255019
1130074765
460955613
1233126815
1386186283
1679270515
1525986854
1743421463
390816167
1831452308
1025071186
468617916
629890916
1381462361
1137767432
1647808817
1339180967
1660729422
967352061
835655156
1814692457
183054138
1843783560
346584434
1567251451
943966370
666435482
564390320
498264015
1784883322
1105655102
732442412
1889152085
740211600
945575866
848465478
2137574254
64550233
1953702318
1669714474
1898324650
1036744715
173803557
598435006
1915102420
1966767598
297947677
1785871324
1597794697
1407460577
155734375
691848572
1446565374
459467344
34745773
400337861
332693450
234037438
282698944
969696811
152051917
200851618
510022999
1605263449
2105337528
1839300887
579495027
912919808
871739473
1113771427
2028771388
1701681679
1602227080
1390669617
786755888
1560080960
1159461480
2025047341
1876538024
656509818
982233927
1099004449
516459031
1342253933
1421117813
1450211287
1614345838
1058071099
1313776711
935634792
711811495
1365013975
1085851070
653202480
741423603
2110559372
1850180259
1434131318
1565263732
1038373761
1543569918
288421609
1458963284
397330706
648853351
544768772
492487968
2043667381
1442837051
1563725681
1508909388
953104574
276945152
1430121813
36777007
1327147459
572391552
1214545776
341364819
1011730709
1189266717
1251322783
1455373213
317425109
852526605
1955657465
1879172867
469461428
1703867224
299753837
2019302759
2077507673
407480439
269456144
828530573
1847566704
48661506
1989806271
1547033222
1926885212
854922787
1074316549
559961152
478663726
1110022491
361677775
966664205
722153043
644721511
1343017096
1735030339
547145874
652928542
744211616
1818821428
974510453
1407967228
1696854089
1054301608
1151439116
720038091
1251203936
1816002714
494962594
199785283
2018606711
2084955081
1851719523
1433329686
1037580023
1361108212
570822993
750044115
119012217
623743658
824929917
521549056
848313959
873022821
358434540
1202946432
1259080327
1069432401
1630967378
1154977896
923561864
2088559936
1282318263
1908823600
1174774165
33603534
1425462368
1232909647
1604465057
3097958
1242554413
2034217403
562773924
958270879
1072384176
41063775
1365805010
1223950890
138205702
1358154112
1783332387
269340723
1503452958
916770082
1825921460
2108520853
577792035
155345713
1414845837
2002210980
432519367
407368019
1806270933
801284271
1403900518
2070294124
1147769929
1126141164
1589599783
939759115
1715322040
1910820977
352860827
572873090
122597055
1270366985
94012922
1514452505
1624262819
1538018069
1977028743
650469120
687268155
1651644344
1360281530
996564693
1462341688
505569112
938117606
1588586727
1784522705
1304777080
223985079
658391479
540232148
1072871174
806989709
2007485676
1742519726
862868481
1102668306
739707363
2028390764
1016840032
1230551909
1770351765
2048313196
247835468
483598445
603598339
1971915355
921483635
987536210
79208595
1605325679
145461878
845035552
414040102
1096645473
1116177889
1364013357
508405691
1140410605
463531983
594691483
1127937014
379936385
1788120733
137824698
78250169
903203207
1748831837
1658140670
310370286
876105653
1908218244
323101735
1505563559
1692324985
1640319063
1171341617
869629846
2063418349
12731449
1741763158
1947301539
1305381450
257740872
1573136648
800169018
283833193
1153463040
1736836430
560903614
1170774425
1080710506
2124804419
999824654
108937433
1904565611
969426356
392770626
1069940984
1089364993
1464005814
221246699
2099506040
297743756
485307676
310612494
411931400
1690896089
537257891
896689574
934987448
1686959508
1320654408
419667558
42856179
2142362220
38522270
113187279
1392153641
1234917675
895123735
1036568476
879942862
370917613
406039795
94705448
997024336
405479554
89935670
254381076
141444740
41696549
200332184
585216518
1096402236
782999255
735411056
1696157098
1630534791
256619409
440868602
2069085067
674660505
474482386
915238104
532438720
413754237
1149165293
632216437
1151836056
1740739284
627440824
1837958743
821146320
285870866
1785948154
1932964978
565763352
424198645
1943726713
1329766973
719132507
1926620308
1151330577
514304385
850873773
789795083
322406709
505893446
17454281
565126718
1783113018
365352613
6566430
427061361
596393878
1685666622
815284297
1660452234
1587110846
783742036
822470591
361595306
380193784
974765521
1939983573
1299134708
1785728474
1074084750
2005984960
976587662
319677001
1956153672
1479308634
447151708
847057228
1275915169
485212967
123895442
1423030150
1750757849
624349415
458999803
430189099
2017598130
2090301868
54980673
2141129531
1158526162
1689394662
1159333185
1400967308
595318918
1149965186
465571787
1455051874
1980117058
286085302
1663042521
280290013
588766063
573362319
1303427091
1605925970
1586691043
1216820783
873540408
1813322557
829154444
1042475048
1768998878
1864541981
96115999
2128248721
206253640
167870395
444113006
826309059
334262453
326129453
1656222515
1021904294
687743203
1965788408
872928101
937900984
871103542
633872126
1095148382
1688419433
1840569988
1269775467
408587885
1403585473
1823840008
1782173901
1686732396
1516926349
231778777
1067897668
800397440
15578553
585120457
1024407870
723203088
72891214
458584092
474162645
1088080227
562840079
35290333
1322831705
2137846882
1966236435
2115006197
2086747448
379784367
1702616072
432352615
1315440983
1206121411
1456327566
1517276945
1838403739
1946266715
276489200
178567434
306208745
1112250491
1382060040
1435342841
48390902
1942283282
1653333643
538285598
475320854
1039718322
561141603
1741066349
1316559357
2030257411
1390364502
1857624469
124698529
1394356851
168858867
1777667539
572508886
721981241
645257279
238515573
1887765221
2063780394
905034113
47059974
2095598744
1336902678
1326538900
2086456894
836696881
2142477079
177488820
435405145
508070011
2008521912
1549292726
2055581887
994080926
989074358
18902455
364366189
1036042268
1942887805
1335921563
1907795734
1642781690
1413305876
1790125127
1441835700
1942555608
2049837508
486901206
2066845431
1721930751
129542685
1315659736
173182118
46209350
2041458828
295772439
1481006208
1130993523
678683747
364340798
1754958153
2007147879
1419677985
1322031845
490207934
1208973982
1032775451
425859518
1975543485
231240649
1756353655
2135171252
1625017336
2118311742
1221256491
679531626
1447915019
1216483768
1014775494
834678049
1154792031
1070070521
1432344885
1621668577
1323382818
1471126751
410980362
153716555
176482721
434365859
1350922217
999408460
1236102764
956266241
1233302005
17233878
632321769
808804491
1812239243
1550672030
704892296
1000460829
1506377751
2143484247
505916921
1795969891
680348284
274522598
1913650289
1106720225
373942159
1281081102
823376725
1574370952
822471881
2030174331
205215082
2031802997
829241499
1747489398
601716559
1706637196
405753177
573848999
968719892
323430591
974478669
71452320
363995539
1520629596
1120635347
1068810910
945123298
1499343831
1854379944
1790446172
335474176
1234710402
162589404
412506408
61074092
918683773
747146478
702901898
1794306747
1601386193
17093003
1835004681
1574263810
389438272
2132717983
1559498146
501546072
242622604
562620164
193723376
482224865
484191434
857609681
893000447
399125725
450609944
238477854
735539098
424874727
639936312
1218464834
1155137373
16714506
368729164
290038094
145222693
636444478
81738519
2039372081
260617598
1028472488
712679639
99453674
1077830297
262620100
745943239
1346729801
1332273450
1439774255
1432821473
67476674
1378131472
1696439995
1510374429
1654432997
1891646273
542023869
1614112263
1089974639
113109799
191573886
1592777688
1201507108
1070843062
261056656
1954655435
1848421333
545751201
1918035090
175429385
1479766313
2139536347
231425778
1260737033
38898700
30951399
248236704
1835876689
849960664
44424608
1354127514
2124113357
1535289720
1368482161
1368733725
536132857
1856282744
1292093279
82609733
751037763
365877707
697808085
2018754654
1067908821
217561131
1010063306
40305119
1471333239
986693015
890733639
1214492390
1313367625
417428923
908289686
364855874
2147375485
1398806786
2090533106
804929247
1798813407
1804659119
37473350
673879689
712316870
483153702
1055827545
1358349673
1099270682
1582424384
787924633
573997319
1526358910
564114643
801244205
161756269
214255085
1676624249
339446525
1868611980
1313525767
411143647
1988393991
835635959
1862106442
356477227
1715881773
1011456806
1572470663
1506568646
1966070002
1488629996
986072443
1017770597
422754362
1460195948
2091079278
1659939145
1093052843
1263826781
837082264
268322746
1720739131
824352148
821404128
1228542745
541255045
1244158491
690223308
1847807982
1498718377
1766116060
824692784
522878115
1626221231
2002089517
221825246
1289696667
1351644745
412775820
1548028488
1284543691
1026766071
1700092811
559726674
631589186
2071345506
1275506603
1304360485
1856092482
749727024
2036347945
28853881
849645848
1539487498
1264107783
1481036473
1651823335
190233591
1398849284
941085610
360004421
975943673
1326951721
565185293
24697565
1850070473
1969899060
798897401
1431309973
1564144132
953851367
470145532
1730725607
544228861
1974522175
2024178620
1233021345
1007049364
290875689
1499464583
2074271038
578667131
925507137
2144576747
716227301
1585716495
1266979857
1755865614
1616434461
804262128
1619561061
965206847
793799301
2140085317
711215363
1191559368
541079305
364514665
899647048
2044233196
1510596887
1881922388
1492980855
553346758
293726029
1320177712
1842078591
442567920
174849601
1079035977
2114147590
1791227549
1901162796
1000870302
1657512997
488250068
400745610
1128952732
417385067
661233902
1705902414
535658285
366241492
1027475394
689328791
1711378188
983770074
1160979296
1751522864
1763592688
804874860
198829809
520874919
149614571
1592546695
690138602
930125943
162432086
1778463013
1190748141
1887655011
2026877515
1184594169
592173486
1568485129
864122138
640644718
2038527729
499887715
1266943173
1698659912
1109555801
138459773
1853129724
152820294
1329639278
667231213
2074834827
583951858
1835583795
1019753906
1238048182
563701756
1850619964
42553121
1301125566
144263601
149231010
2086593150
1186814704
234494311
2147322716
1218623468
1401150310
935048093
205429988
1183486474
254626294
472370609
379045830
2120365687
117145640
1818028269
1079855411
1700411845
50978263
487976290
1079694479
1161483224
1745264888
1413239270
1299846828
469052328
1431559069
1433541426
795005016
792539771
2050326729
320103339
1713034415
1791147414
865397595
1521871093
986469624
363930832
1902235978
741221954
163332138
860723992
1583565401
258524990
1149116168
1299495942
330514418
2040717896
739706436
1935637364
373351637
1000869521
240381752
1008106318
1240940161
429675160
822142461
1634675147
1085682703
779889506
192923860
1076049061
1870800920
7360447
1155912222
887466788
643847516
1451727111
1999235010
1903060485
1790058283
1983417338
1817079516
1277429835
1701828794
1241653782
1801610340
286517956
1794195597
1295582437
183043441
18977131
213329142
86474097
1070293336
1062568602
624638482
1677281385
95847213
330154168
734701118
372992053
568773829
1818136022
736323656
1452885800
2077524283
1050434074
1345644422
977146306
1285643012
1166910648
941308849
1286857505
1153348547
1764291852
1312441273
962452626
5704409
1466539468
1036461905
2054097063
1381471222
387336122
740489198
70672314
441678082
1539697593
2075240614
456894022
1225684722
727856218
1945864830
1592182927
877457163
1213506623
184315207
1659224681
1764495101
1750744855
1456675342
901374621
1727545123
461398046
1402180662
1843089028
24715758
1963740394
2048350347
1481391101
373146702
2110144421
236549902
1493117603
1380123191
1996668590
1163616496
1265120535
1823671218
573585820
1832245042
334645550
10833120
8103074
2018134007
1920800016
2012683958
471998100
53727214
59951990
1967396300
395277253
1347205461
922692055
530816679
710812901
1310148457
977877468
1350190825
1215391135
212911687
240126286
553622270
239002598
648310926
76149504
910301184
311516867
1201585857
830872917
1055804096
628326717
1308470965
198563372
571097895
1199508529
1219408821
1585729264
1101390933
1633849818
56214787
1863322323
1314431554
2116228436
141587083
1229170995
584397908
1363910214
1655561419
911485569
608911648
1692613428
1647628465
1411410762
1995808671
697535997
1853787773
1406431841
1749226669
634453188
848008493
1870000248
470798447
104654300
223743648
2060068750
971870723
230818916
1109149766
1415253450
72997227
187000894
1521272921
710892787
161196874
1994097677
2033484030
1782691127
1408452103
1446397611
1057155106
1637442227
870895819
1485870727
284083843
1433595083
1446350235
2130560185
155761535
150219125
1787661352
1296968870
1465045373
1052162306
436237290
1809711243
1749129216
1264372750
1206822041
677270867
232939988
740199070
1511454902
1176436360
458443402
1697985362
543690194
1748669209
498649258
1972824374
2089932939
1676199971
2128980787
1019192115
1129073141
2011219048
1456899669
60155229
1829625858
274833774
39229506
451051485
981773140
1065716284
2097218384
1517273349
1449132585
1961322523
370792933
1116565457
165345548
1942737198
839018990
1606411285
58689536
658289838
395216540
766009473
1290965183
28079540
430239670
673763897
1174314253
2116386386
1902393946
84262258
595224500
850271732
2084507935
1628480321
2130626129
560839912
242216674
469017447
372968227
2114249154
98892243
336407662
592259657
256873455
626466234
1472029739
1343101943
759081298
1474424363
482060087
1682926000
1802962318
789627382
992845991
519733969
615683320
1300770755
126661134
1233705722
2039938595
145352591
1431142326
553596928
635575662
1904991980
644816118
1947230737
1043837837
976808310
172736325
1344515534
1665898940
161051501
1791924441
89039280
2012399107
699062109
1634778752
764253382
1782812269
805031788
897606894
1740255939
1851643251
1575579253
1096221988
2025856921
1943731203
1693800879
1912235278
569783419
256831602
993678009
1467075652
998098426
1656219173
111387312
2079108450
728317241
984196344
1505963672
352158033
999262378
145567809
1317730161
827954178
1197959993
323209244
1819233685
849428534
1454394030
1167279931
1230224908
89801100
82003638
1757449970
1215590255
1064360352
54247219
777281674
1370989969
2034034245
1058777170
1881674611
1202551734
1545301608
985703826
1817872793
1704423390
1365959355
975925677
2040286030
1771984670
748947975
649598125
1795612657
503447113
1468100830
1171710520
208796108
1630430836
1131695206
2024691180
231686180
2098791348
274634472
1139649136
1565628208
1786888986
386608410
9298795
1774111473
1097116320
1666385380
1639729631
705647009
152344261
472897322
242348903
1318942210
420161205
959113876
591557662
1856656810
1680803827
1356123951
2107316206
982751776
1915932437
1293789079
1481453005
1985550860
964305249
167539211
2007938115
183144929
415873927
662590225
331221322
2080809314
1143611093
1112481828
912059882
1316298306
643672435
1563720255
1537190883
712805697
1097108367
959118995
456297128
501756883
1533140087
805139526
1237300127
1917621354
529267532
272603916
973100790
1474739714
1563192692
1253580157
1599222817
442023372
1657281954
231247851
438591213
195282609
1129157724
2003539961
177590281
85622327
1915843763
1627868099
151576874
1925285281
1491250313
2027541893
1737095395
1888672269
53038206
475040598
999617397
472924390
673146723
890157470
1174230777
736139345
1987186554
494105095
1457079230
1830080028
1805109262
786835993
2115943657
713594924
856939168
508902537
419172073
1876251303
789177551
145296223
2074242579
33094660
890033829
295799076
1058504790
158424240
1201384074
554331344
686784595
2014741035
776068834
460064962
9429930
1618868766
798385281
35813941
2113202026
538844867
420632733
1482723784
2089583183
1246216196
2109051056
1954860014
140728695
311490791
174966316
1286740107
1001348681
1413937126
1744925365
2094913033
697550732
739654667
687084052
1079057166
1159220282
678918327
246744998
1315048854
1863695149
96030856
791525523
795997747
282016877
893474149
1357380932
1920035439
1572392476
198626503
1531247293
314417990
1927917613
161154780
1082059881
862242182
844168200
615821711
293491282
442623865
1486551361
1341047653
930654345
1839257816
2019011199
45206712
2145039296
1391025338
2004451878
1931634236
1924656047
210959119
2082978183
142484601
1612556119
1817531565
1500669223
623853709
1362620845
1932688044
153997409
2005437738
374482855
68893255
159687252
1094307132
287059790
265005836
1881499194
1071762230
756194832
1919073553
1671837360
618660844
1841169806
1068638597
1058409674
268960614
2052268033
870125103
153721227
321693833
1878231332
2125429694
864062564
1189887789
856121289
1512406257
34803346
696153731
690197053
1548051578
1764604029
1589389706
25439990
1026207427
1061010773
721593721
508533286
405002344
22122725
1309208776
54245240
602485714
1370637388
1742723070
1345674177
64377232
1310371940
79685230
260465519
18418924
460190586
316047347
1750434755
1806009740
1349127445
910675150
209985587
1731094398
1135408042
315541896
1914030508
1251222060
1013744926
1016859191
473453810
2017311532
941467071
812096788
77024548
1190922647
192207325
1506464543
1800935167
1770281129
942390192
1264958045
320094717
1199209284
140825790
119847865
457806206
674751653
3114265
767753880
505914573
453556947
1598488612
288736684
213929599
1897985236
1039745218
1612984603
918777132
1649848950
1587364475
479626045
1004657727
1434875505
807672018
266312756
901900239
1572599287
744029392
1748687120
1117244952
2052386807
1033333167
455953730
1153698959
468135562
1520777321
1174773832
2071916033
635587483
2064040710
1033802015
1554193492
1711674751
1811439857
609022219
423940468
1162016150
177067071
2086215127
1024093396
1743354163
228938145
1784809367
363463499
502398113
860622672
105165598
765018090
410345074
164894437
42230989
1392026574
430533553
1944340306
25794803
890916253
1810604171
1030935560
1195551643
1976533894
1946073985
1381899701
1854182054
810991880
607848538
319928395
1017683168
275809134
646961338
394427888
1355434115
225633635
121371884
1890172605
793959690
1405143982
188773021
1383343281
365473365
2062463244
545412920
841782714
888112111
1651001160
964583384
770605857
974880357
584459966
1768840047
1476952855
684070431
908457512
832698848
1215273403
475976373
1666193392
398048740
2146626491
711597992
931112687
1232256033
133848789
1186273781
1796253724
887428250
1332490326
899425501
1105105348
1448603886
736861250
1608874334
1776601713
142804573
1077246159
960865008
954938795
150065916
262252837
385631326
219428731
1496191429
1331903882
953505453
1848410411
610126351
95952532
43716113
2075373010
141287194
147318093
277312476
869507951
586834400
1386195719
150666513
1056825445
156105622
1901276665
208927139
1826752984
2129516162
606814970
909666939
1555835958
2052766359
2141557435
1297080681
1587829486
1140177271
157749245
1732453544
706314351
1098745914
1338998061
874797612
1416969248
1964056526
1917011015
843258615
889863053
1795054648
1905604101
1108824609
1111692942
1598186528
1153138754
1062515326
1671038746
1429159199
627625491
538558829
1329278772
1824551265
1553970351
1582602883
692849746
82285372
113828788
1007519325
98775967
1962575750
640232847
1533735325
957258984
2069678025
1756950484
965147549
141999523
1874636190
1586717368
1295465084
2058110663
1941651547
1336831859
1683944682
1341543325
1498224871
497303820
1986906581
1908492372
1155376406
519730550
704736028
1890526891
703609977
1588629777
44803328
1168581912
1212030641
492807099
2068318347
1321244930
1171230639
193947889
1862523609
654427603
1359775628
545439625
389345091
1817532487
841279479
1849730757
1111460122
958267377
1400792791
1213260835
1823009515
810233130
724033152
531862686
1820113425
42666283
864244062
1076211105
1687643959
179280047
2121877167
926653302
2120473357
1456935226
2087707418
667349075
555982737
728583606
1450922967
143258877
1069912179
1845199098
793367967
1851440329
73547737
46818949
1369535069
409542405
1842143928
862296320
187270244
1983272109
672974389
1783330542
149008852
72157048
1839640580
1428785001
1616055245
384425447
895259604
978930890
1217274663
769769791
437609046
759532774
961997760
1739817065
222399346
1695621436
1504501291
960173358
2072639944
556368781
1599313830
753028376
12865402
1863201927
1203323994
529509758
814719351
1624256080
1785116676
1052377680
785677123
1004940216
1207516367
945896642
849086532
1063725658
941290855
1928092703
267621059
2028565478
1938800475
746197823
1001697020
480670379
85506293
118003071
2112556601
875806919
1975214515
920878303
2144988447
872576583
1295633841
1585904390
674466057
881234634
2031637170
1197271659
487668084
1312383038
1997537904
1098157656
1847413486
1348179379
1622301627
1308613808
6835035
431609636
2017514027
1820790710
912199917
2016069906
1558551197
1399868001
1440948372
783509447
138099643
68273996
1502073844
251129871
453686418
660942719
425081349
489386193
964151115
699455943
2045793803
36409798
1508741094
770840597
126024273
1475340825
1692635037
952373132
377387742
508030143
634054416
1112931050
1088368353
1920713130
455390400
1845668979
394550944
2075106158
1546873489
1648710245
1063574427
1792849633
1090499910
610863405
1401614907
1363015305
1278954982
980971116
966329827
627964459
2007947319
1468344041
1722351906
1842506024
1646645972
2138524221
999766940
1652618224
1386762686
812892155
2142706226
511663253
1423801474
1533336540
953257765
1590342952
187569647
577797320
1680094974
804218470
869816096
1798495522
2074839322
1241761599
2095454396
1746466270
1598901882
2509924
257111610
1030623585
1555445455
858982079
2076707213
684620903
1933461784
1802271966
1881432532
931833389
1188944999
2017461946
1800739787
711304639
1271705811
1208701594
1951651760
1957776330
908835697
662708013
389574531
1594541402
512373036
165629175
708761458
1448847181
1359028599
2044814784
921838557
422744661
2114812528
143583862
2057711421
2096248736
1886155501
1529338518
114394263
1487203802
248516519
1435948530
923931343
623700742
299802304
838107180
964992844
1006644786
1542258973
1071125094
1270547733
1001710809
409956209
1969878947
1233340064
9787760
442049777
1277384484
1712418975
1760209759
1199161332
257883138
1218636025
467409816
1997721447
598739125
413426445
1189784457
607656208
913430608
1321218431
1134627509
2109864085
Empty!
Empty!
1262302686
Empty!
Empty!
1094242231
1050686624
1310176867
1058550390
1458368756
1397175287
1993255318
632103540
1615171388
641079012
651385297
378771365
1394087200
1545011924
1488000573
1794189474
298091123
1854925011
1120038279
1423063291
1524590841
925858873
771194393
1427583803
683569160
877562986
1681530802
952901591
1498256713
1070445800
2023347391
1105186133
570588735
307399253
760685084
449483152
906889329
974191743
1357311449
1223258690
218739293
330076349
520793224
343675251
1953204102
1881765617
799406479
1602412272
568251068
2111320472
2087754098
343236421
451113792
1404990638
729890094
469980932
769344392
1787963894
1179892972
997314902
292912675
1487367406
615788148
1130797437
297729557
949331164
1067073949
1185489844
1887447167
224830428
2131149151
895616260
326055807
379097890
281727714
1916799011
718646527
1937489666
14836446
760662330
155689498
13827593
898413555
1975776279
523813825
739422083
1078652988
1378853414
392925483
817393803
1011470531
728332308
1969112711
535198072
483225589
1017467767
74502398
334056232
731784258
1460116566
129826381
1150339828
1024162663
1051465050
46692246
640447525
1264786817
1927048249
210122371
337656871
1389121921
247520620
1974616480
1666088913
233555189
1634650218
1045828218
1844772590
1513293165
2057159481
1043333564
981011944
76323408
296484302
1123661461
820950403
2086722948
439715324
586703935
2096038791
625765424
2032310485
722224541
371096695
183165772
997889684
1450568892
1676096219
486104275
1936623073
1188727232
1559500704
2032207118
393928927
1806130549
1560400631
1559677215
1786959648
1861680528
772847264
1516539083
1619498273
1220693702
376651432
1163754752
2073675451
714357816
518243514
613051970
1097876247
1363145368
2021306483
481784557
1109558307
31229661
443525739
2063024012
2104076789
1476248569
1177688235
1737112932
1561878578
1710254708
1120163422
1071201635
1650978747
1679066261
1720283037
744611112
515009288
1309897597
1705222288
753608921
82373842
214107634
1607109661
407976579
1717201118
548341372
1421206380
1609462216
1542665570
1689666808
2039405636
1275216427
1489324061
456277257
1050216953
1487314414
79795616
1974626713
873303734
825643088
905438704
665194828
631328602
1351902818
2013430889
255162693
2063280022
239746074
1354157312
1718828631
835648566
2017712029
1570670668
575214921
1646168377
588693696
1925575253
120777281
743360560
1129702446
1676499066
1934664327
1986388379
375874375
811627415
364663984
1052623613
341215170
1096256375
100271971
2102614800
543597654
860364247
508436495
1170896752
1087463556
1947050727
319468237
994540913
772020134
1149690103
1673030407
1808676439
1943324824
1693324745
1165650335
985916103
1108131698
1980672871
1667315869
812854016
693956113
1317275885
2012254453
275595940
1661866551
794605831
140656057
2092384022
1602124412
2122179356
1601472859
1031441038
1813618710
1328001614
1249805926
231111615
1183582303
1198828000
653468764
1038922811
377252774
991978720
952224636
471056641
881044393
62376889
1528094461
1782574137
1239694572
2030901531
19773021
1711497541
1521336318
59602655
314959904
1329177314
1800233955
317488012
1465717572
692563473
189151067
1921051122
1010352025
1444422154
1761910166
1085366840
824137306
1603955378
1015922369
1461162950
1636866698
670778127
501868535
1026226423
1545261250
1690783013
852651726
1613375148
1862581846
1223451746
1676789032
1374710633
225791267
641176358
295888565
1191534157
1086073644
1561990546
819245163
1446385597
1243264923
1729838124
1064428486
51976909
1652987591
1878778858
2091596093
779818071
986191318
81972594
1374916897
1266836815
2086081978
1981295239
1039198316
594006685
1233607999
224762992
1277297984
680327684
831647210
1135811701
1986520547
1495985887
852025139
43387836
1666315652
2064603911
558435908
690745045
981903094
1270034426
1492640387
808522422
874505612
150045115
1425385414
135542130
618252838
721111810
132155917
377009262
470112529
885886514
2119879267
1418435907
162136982
1150812973
966528526
884050421
1536504299
1446040288
1761133640
1842733709
581136575
1293144473
123330961
353638435
1125461953
1302641235
386882753
345954923
1047831382
1138757419
1235971540
1962688312
91334529
1916908013
340259167
935157175
1532180583
1134758217
708876499
1480713140
1465721120
528623253
1599984266
207556202
1691318795
421018204
1248248083
1124799063
167500774
1875959398
52659857
661737713
323382841
330263245
983426898
1032050282
1804120152
1414336784
747282624
1363872000
1057658364
807208147
1468945860
1678229294
2134394837
81061479
990849717
1738132341
1172595039
1901098333
759000110
1748423945
696918278
486899097
135366085
1552926893
308071954
1268702454
1105337141
675514342
1042619517
321709318
1510777424
1558393586
2082993670
503885858
1100542786
1859505129
1769168509
454709332
669091527
96090040
1001483149
1637178349
1528255781
2037014943
538960788
339070491
1668586532
1702113886
2119945779
119465451
1553682039
Empty!
639596005
1772888496
171284551
1262583197
1050889927
647730458
1731006009
1004723545
1255368892
Empty!
Empty!
Empty!
226972180
1684886275
469425091
620418884
1167129897
944975209
70536177
802980508
1095888420
1253190644
2050088873
1874685389
1040450967
1607971962
833515792
1656883266
324908303
2028538576
1819005327
157302224
Empty!
931969671
Empty!
1923205969
100630624
Empty!
Empty!
Empty!
1702370429
848672127
457258492
202736456
68831149
2089431893
1928726394
945441845
1827795527
40997739
1797428083
1990823923
1795900333
81018564
616115437
1583136874
411691705
1445676875
841980493
1425879375
2095939003
834891836
491924928
1289017150
1746993464
1027807142
973249471
591130819
684567471
1699411717
1540569205
1405696212
1884162890
2057899277
1012012156
469590945
1149698143
745270342
402407972
501577953
1255745396
1375657443
1217800408
316936255
37579260
1193868825
264185585
1280176079
870796149
458601022
1406198313
1752307591
2126541545
43697888
833250396
713717189
651198854
523022651
1691002245
381655875
906155240
1002608264
1794474261
1114237446
372952112
203383816
1457613988
